2012/04/23 10:01:01 [trace] [system.CModule] Loading "log" application component
in /var/www/quaero/index.php (16)
2012/04/23 10:01:01 [trace] [system.CModule] Loading "request" application component
in /var/www/quaero/index.php (16)
2012/04/23 10:01:01 [trace] [system.CModule] Loading "urlManager" application component
in /var/www/quaero/index.php (16)
2012/04/23 10:01:01 [trace] [system.CModule] Loading "session" application component
in /var/www/quaero/protected/controllers/ContactController.php (9)
in /var/www/quaero/index.php (16)
2012/04/23 10:01:01 [trace] [system.CModule] Loading "db" application component
in /var/www/quaero/protected/models/User.php (21)
in /var/www/quaero/protected/controllers/ContactController.php (10)
in /var/www/quaero/index.php (16)
2012/04/23 10:01:01 [trace] [system.db.CDbConnection] Opening DB connection
in /var/www/quaero/protected/models/User.php (21)
in /var/www/quaero/protected/controllers/ContactController.php (10)
in /var/www/quaero/index.php (16)
2012/04/23 10:01:01 [trace] [system.db.CDbCommand] Querying SQL: SHOW COLUMNS FROM `tbl_user`
in /var/www/quaero/protected/models/User.php (21)
in /var/www/quaero/protected/controllers/ContactController.php (10)
in /var/www/quaero/index.php (16)
2012/04/23 10:01:01 [trace] [system.db.CDbCommand] Querying SQL: SHOW CREATE TABLE `tbl_user`
in /var/www/quaero/protected/models/User.php (21)
in /var/www/quaero/protected/controllers/ContactController.php (10)
in /var/www/quaero/index.php (16)
2012/04/23 10:01:01 [trace] [system.db.ar.CActiveRecord] User.findByPk()
in /var/www/quaero/protected/controllers/ContactController.php (10)
in /var/www/quaero/index.php (16)
2012/04/23 10:01:01 [trace] [system.db.CDbCommand] Querying SQL: SELECT * FROM `tbl_user` `t` WHERE `t`.`id`=2 LIMIT 1
in /var/www/quaero/protected/controllers/ContactController.php (10)
in /var/www/quaero/index.php (16)
2012/04/23 10:01:01 [trace] [system.db.ar.CActiveRecord] lazy loading User.contacts
in /var/www/quaero/protected/controllers/ContactController.php (12)
in /var/www/quaero/index.php (16)
2012/04/23 10:01:01 [trace] [system.db.CDbCommand] Querying SQL: SHOW COLUMNS FROM `tbl_contact`
in /var/www/quaero/protected/controllers/ContactController.php (12)
in /var/www/quaero/index.php (16)
2012/04/23 10:01:01 [trace] [system.db.CDbCommand] Querying SQL: SHOW CREATE TABLE `tbl_contact`
in /var/www/quaero/protected/controllers/ContactController.php (12)
in /var/www/quaero/index.php (16)
2012/04/23 10:01:01 [trace] [system.db.CDbCommand] Querying SQL: SHOW COLUMNS FROM `tbl_user_contact`
in /var/www/quaero/protected/controllers/ContactController.php (12)
in /var/www/quaero/index.php (16)
2012/04/23 10:01:01 [trace] [system.db.CDbCommand] Querying SQL: SHOW CREATE TABLE `tbl_user_contact`
in /var/www/quaero/protected/controllers/ContactController.php (12)
in /var/www/quaero/index.php (16)
2012/04/23 10:01:01 [trace] [system.db.CDbCommand] Querying SQL: SELECT `contacts`.`id` AS `t1_c0`, `contacts`.`name` AS `t1_c1`, `contacts`.`first_name` AS `t1_c2`, `contacts`.`middle_name` AS `t1_c3`, `contacts`.`last_name` AS `t1_c4`, `contacts`.`link` AS `t1_c5`, `contacts`.`username` AS `t1_c6`, `contacts`.`provider` AS `t1_c7`, `contacts`.`gender` AS `t1_c8`, `contacts`.`timezone` AS `t1_c9`, `contacts`.`locale` AS `t1_c10`, `contacts`.`picture` AS `t1_c11`, `contacts`.`birthday` AS `t1_c12`, `contacts`.`logged_in` AS `t1_c13`, `contacts`.`created_date` AS `t1_c14`, `contacts`.`updated_date` AS `t1_c15` FROM `tbl_contact` `contacts`  INNER JOIN `tbl_user_contact` `contacts_contacts` ON (`contacts_contacts`.`user_id`=:ypl0) AND (`contacts`.`id`=`contacts_contacts`.`contact_id`)
in /var/www/quaero/protected/controllers/ContactController.php (12)
in /var/www/quaero/index.php (16)
